{
  "checked_utc": "2026-07-23T23:20:57Z",
  "events": [
    {
      "type": "ForkEvent",
      "created_at": "2026-07-16T16:43:10Z",
      "actor": "Vibibiys",
      "ref": null,
      "action": "forked"
    },
    {
      "type": "ForkEvent",
      "created_at": "2026-07-16T09:37:53Z",
      "actor": "Prot420",
      "ref": null,
      "action": "forked"
    },
    {
      "type": "ForkEvent",
      "created_at": "2026-07-15T11:52:21Z",
      "actor": "0xTaaa",
      "ref": null,
      "action": "forked"
    },
    {
      "type": "ForkEvent",
      "created_at": "2026-07-15T11:30:50Z",
      "actor": "zhaoge7786",
      "ref": null,
      "action": "forked"
    },
    {
      "type": "ForkEvent",
      "created_at": "2026-07-15T11:17:02Z",
      "actor": "erlanggada",
      "ref": null,
      "action": "forked"
    },
    {
      "type": "WatchEvent",
      "created_at": "2026-07-13T12:38:07Z",
      "actor": "octralex",
      "ref": null,
      "action": "started"
    },
    {
      "type": "WatchEvent",
      "created_at": "2026-07-12T00:33:31Z",
      "actor": "talented634",
      "ref": null,
      "action": "started"
    },
    {
      "type": "WatchEvent",
      "created_at": "2026-07-11T22:53:15Z",
      "actor": "asbryx",
      "ref": null,
      "action": "started"
    },
    {
      "type": "WatchEvent",
      "created_at": "2026-07-11T15:38:00Z",
      "actor": "AminMstlih",
      "ref": null,
      "action": "started"
    },
    {
      "type": "PushEvent",
      "created_at": "2026-07-11T08:49:02Z",
      "actor": "lambda0xE",
      "ref": "refs/heads/main",
      "action": null
    },
    {
      "type": "WatchEvent",
      "created_at": "2026-07-11T08:08:00Z",
      "actor": "brighton-ifaya",
      "ref": null,
      "action": "started"
    },
    {
      "type": "ForkEvent",
      "created_at": "2026-07-11T07:41:01Z",
      "actor": "SNAKBILLION",
      "ref": null,
      "action": "forked"
    },
    {
      "type": "ForkEvent",
      "created_at": "2026-07-11T07:32:56Z",
      "actor": "vansham",
      "ref": null,
      "action": "forked"
    },
    {
      "type": "WatchEvent",
      "created_at": "2026-07-11T06:13:59Z",
      "actor": "ryyos",
      "ref": null,
      "action": "started"
    },
    {
      "type": "PushEvent",
      "created_at": "2026-07-11T03:35:27Z",
      "actor": "lambda0xE",
      "ref": "refs/heads/main",
      "action": null
    },
    {
      "type": "WatchEvent",
      "created_at": "2026-07-10T23:46:59Z",
      "actor": "PhantomTee",
      "ref": null,
      "action": "started"
    },
    {
      "type": "PullRequestEvent",
      "created_at": "2026-07-10T17:46:08Z",
      "actor": "nxpath",
      "ref": null,
      "action": "closed"
    },
    {
      "type": "PullRequestEvent",
      "created_at": "2026-07-10T17:46:08Z",
      "actor": "nxpath",
      "ref": null,
      "action": "opened"
    },
    {
      "type": "ForkEvent",
      "created_at": "2026-07-10T16:49:14Z",
      "actor": "akidry",
      "ref": null,
      "action": "forked"
    },
    {
      "type": "PullRequestEvent",
      "created_at": "2026-07-10T16:38:06Z",
      "actor": "ifeoluwaaj",
      "ref": null,
      "action": "opened"
    },
    {
      "type": "ForkEvent",
      "created_at": "2026-07-10T16:37:04Z",
      "actor": "ifeoluwaaj",
      "ref": null,
      "action": "forked"
    },
    {
      "type": "ForkEvent",
      "created_at": "2026-07-10T16:31:08Z",
      "actor": "JH-321",
      "ref": null,
      "action": "forked"
    },
    {
      "type": "ForkEvent",
      "created_at": "2026-07-10T15:32:53Z",
      "actor": "k3llgh",
      "ref": null,
      "action": "forked"
    },
    {
      "type": "WatchEvent",
      "created_at": "2026-07-10T15:32:19Z",
      "actor": "k3llgh",
      "ref": null,
      "action": "started"
    },
    {
      "type": "WatchEvent",
      "created_at": "2026-07-10T14:23:53Z",
      "actor": "irhid88",
      "ref": null,
      "action": "started"
    }
  ],
  "issue_events": [
    {
      "event": "head_ref_deleted",
      "created_at": "2026-07-10T17:46:22Z",
      "actor": "nxpath",
      "issue": 4
    },
    {
      "event": "closed",
      "created_at": "2026-07-10T17:46:18Z",
      "actor": "nxpath",
      "issue": 4
    },
    {
      "event": "closed",
      "created_at": "2026-07-10T10:08:58Z",
      "actor": "Eienel",
      "issue": 2
    }
  ]
}
