## query octra hfhe
total_count 13 incomplete False
{"created_at": "2026-07-21T14:35:59Z", "description": "Sanitized public monitoring notes for the Octra HFHE v2 challenge", "fork": false, "full_name": "createdsoo/octra-hfhe-v2-monitor-notes", "pushed_at": "2026-07-21T23:12:52Z", "stars": 0, "updated_at": "2026-07-21T23:12:57Z"}
{"created_at": "2026-07-15T09:39:47Z", "description": "Independent mask-layer notebook for Octra HFHE v2 public artifacts", "fork": false, "full_name": "playboy8889/hfhe-v2-mask-ledger", "pushed_at": "2026-07-20T11:58:22Z", "stars": 0, "updated_at": "2026-07-20T11:59:13Z"}
{"created_at": "2026-06-15T15:20:13Z", "description": null, "fork": false, "full_name": "lamafab/octra-hfhe-lean", "pushed_at": "2026-07-16T19:07:25Z", "stars": 4, "updated_at": "2026-07-16T19:08:02Z"}
{"created_at": "2026-07-14T06:28:32Z", "description": "Octra HFHE v2 public-artifact security audit (negative-result report, commit 071b0e9)", "fork": false, "full_name": "Kubo-cmd/hfhe-v2-solver", "pushed_at": "2026-07-16T08:25:37Z", "stars": 0, "updated_at": "2026-07-16T08:26:11Z"}
{"created_at": "2026-07-13T11:45:01Z", "description": "Reproducible public-artifact audit and progress notes for Octra HFHE Challenge v2; current result is not recovered.", "fork": false, "full_name": "startkey/octra-hfhe-v2-public-audit", "pushed_at": "2026-07-15T09:28:08Z", "stars": 0, "updated_at": "2026-07-15T09:28:14Z"}
{"created_at": "2026-07-11T17:50:43Z", "description": "Source-first cryptanalysis of OCTRA HFHE Challenge v2, including the live R1 LPN corpus", "fork": false, "full_name": "asbryx/octra-hfhe-v2-cryptanalysis", "pushed_at": "2026-07-13T13:21:52Z", "stars": 0, "updated_at": "2026-07-13T13:22:43Z"}
{"created_at": "2026-07-12T05:09:19Z", "description": "An attempt at the Octra open HFHE challenge v2", "fork": false, "full_name": "Chimdalu-Ofoegbu/Decryptor", "pushed_at": "2026-07-12T05:09:19Z", "stars": 0, "updated_at": "2026-07-12T05:09:19Z"}
{"created_at": "2026-07-10T22:41:37Z", "description": "Independent public-artifact cryptanalysis and security assessment of OCTRA HFHE Challenge v2", "fork": false, "full_name": "smoke-ui/octra-hfhe-v2-security-assessment", "pushed_at": "2026-07-11T19:36:08Z", "stars": 6, "updated_at": "2026-07-15T09:11:05Z"}
{"created_at": "2026-07-11T17:58:27Z", "description": "Public-artifact audit of Octra HFHE Challenge v2", "fork": false, "full_name": "lustrousys/octra-hfhe-v2-public-audit", "pushed_at": "2026-07-11T17:58:42Z", "stars": 0, "updated_at": "2026-07-11T17:58:52Z"}
{"created_at": "2025-12-01T20:07:50Z", "description": "pvac-hfhe: PoC for publicly verifiable arithmetic computations with hypergraph based homomorphic encryption over Fp (p = 2^127 - 1), omissions for large numbers and excluded the transfer mechanism for data convertation (applies only to the prod version of octra network). c++17 header-only. ", "fork": false, "full_name": "octra-labs/pvac_hfhe_cpp", "pushed_at": "2026-07-09T18:30:07Z", "stars": 60, "updated_at": "2026-07-16T14:08:31Z"}
{"created_at": "2026-07-09T01:33:45Z", "description": "Benchmark harness for octra-labs/pvac_hfhe_cpp native recrypt: 7 experiments (reset cost, deep chains, Poseidon Merkle, boundary/corruption matrix, proof profile, SIMD) + Rust FFI with semantic-golden gate", "fork": false, "full_name": "loperanger7/pvac-bench-harness", "pushed_at": "2026-07-09T01:33:49Z", "stars": 0, "updated_at": "2026-07-09T01:33:53Z"}
{"created_at": "2026-07-07T11:29:58Z", "description": "Ciphertext-only recovery of the Octra HFHE seed challenge via the public R_com commitment oracle", "fork": false, "full_name": "Iamknownasfesal/octra-hfhe-challenge-recovery", "pushed_at": "2026-07-07T11:30:44Z", "stars": 1, "updated_at": "2026-07-14T13:53:33Z"}
{"created_at": "2026-02-10T04:44:35Z", "description": "pvac-hfhe: PoC for publicly verifiable arithmetic computations with hypergraph based homomorphic encryption over Fp (p = 2^127 - 1), omissions for large numbers and excluded the transfer mechanism for data convertation (applies only to the prod version of octra network). c++17 header-only. ", "fork": false, "full_name": "dedippu/pvac_hfhe_cpp", "pushed_at": "2026-02-10T04:45:47Z", "stars": 0, "updated_at": "2026-02-10T04:48:57Z"}
## query octra hfhe challenge
total_count 7 incomplete False
{"created_at": "2026-07-21T14:35:59Z", "description": "Sanitized public monitoring notes for the Octra HFHE v2 challenge", "fork": false, "full_name": "createdsoo/octra-hfhe-v2-monitor-notes", "pushed_at": "2026-07-21T23:12:52Z", "stars": 0, "updated_at": "2026-07-21T23:12:57Z"}
{"created_at": "2026-07-13T11:45:01Z", "description": "Reproducible public-artifact audit and progress notes for Octra HFHE Challenge v2; current result is not recovered.", "fork": false, "full_name": "startkey/octra-hfhe-v2-public-audit", "pushed_at": "2026-07-15T09:28:08Z", "stars": 0, "updated_at": "2026-07-15T09:28:14Z"}
{"created_at": "2026-07-11T17:50:43Z", "description": "Source-first cryptanalysis of OCTRA HFHE Challenge v2, including the live R1 LPN corpus", "fork": false, "full_name": "asbryx/octra-hfhe-v2-cryptanalysis", "pushed_at": "2026-07-13T13:21:52Z", "stars": 0, "updated_at": "2026-07-13T13:22:43Z"}
{"created_at": "2026-07-12T05:09:19Z", "description": "An attempt at the Octra open HFHE challenge v2", "fork": false, "full_name": "Chimdalu-Ofoegbu/Decryptor", "pushed_at": "2026-07-12T05:09:19Z", "stars": 0, "updated_at": "2026-07-12T05:09:19Z"}
{"created_at": "2026-07-10T22:41:37Z", "description": "Independent public-artifact cryptanalysis and security assessment of OCTRA HFHE Challenge v2", "fork": false, "full_name": "smoke-ui/octra-hfhe-v2-security-assessment", "pushed_at": "2026-07-11T19:36:08Z", "stars": 6, "updated_at": "2026-07-15T09:11:05Z"}
{"created_at": "2026-07-11T17:58:27Z", "description": "Public-artifact audit of Octra HFHE Challenge v2", "fork": false, "full_name": "lustrousys/octra-hfhe-v2-public-audit", "pushed_at": "2026-07-11T17:58:42Z", "stars": 0, "updated_at": "2026-07-11T17:58:52Z"}
{"created_at": "2026-07-07T11:29:58Z", "description": "Ciphertext-only recovery of the Octra HFHE seed challenge via the public R_com commitment oracle", "fork": false, "full_name": "Iamknownasfesal/octra-hfhe-challenge-recovery", "pushed_at": "2026-07-07T11:30:44Z", "stars": 1, "updated_at": "2026-07-14T13:53:33Z"}
## query hfhe challenge v2 octra
total_count 6 incomplete False
{"created_at": "2026-07-21T14:35:59Z", "description": "Sanitized public monitoring notes for the Octra HFHE v2 challenge", "fork": false, "full_name": "createdsoo/octra-hfhe-v2-monitor-notes", "pushed_at": "2026-07-21T23:12:52Z", "stars": 0, "updated_at": "2026-07-21T23:12:57Z"}
{"created_at": "2026-07-13T11:45:01Z", "description": "Reproducible public-artifact audit and progress notes for Octra HFHE Challenge v2; current result is not recovered.", "fork": false, "full_name": "startkey/octra-hfhe-v2-public-audit", "pushed_at": "2026-07-15T09:28:08Z", "stars": 0, "updated_at": "2026-07-15T09:28:14Z"}
{"created_at": "2026-07-11T17:50:43Z", "description": "Source-first cryptanalysis of OCTRA HFHE Challenge v2, including the live R1 LPN corpus", "fork": false, "full_name": "asbryx/octra-hfhe-v2-cryptanalysis", "pushed_at": "2026-07-13T13:21:52Z", "stars": 0, "updated_at": "2026-07-13T13:22:43Z"}
{"created_at": "2026-07-12T05:09:19Z", "description": "An attempt at the Octra open HFHE challenge v2", "fork": false, "full_name": "Chimdalu-Ofoegbu/Decryptor", "pushed_at": "2026-07-12T05:09:19Z", "stars": 0, "updated_at": "2026-07-12T05:09:19Z"}
{"created_at": "2026-07-10T22:41:37Z", "description": "Independent public-artifact cryptanalysis and security assessment of OCTRA HFHE Challenge v2", "fork": false, "full_name": "smoke-ui/octra-hfhe-v2-security-assessment", "pushed_at": "2026-07-11T19:36:08Z", "stars": 6, "updated_at": "2026-07-15T09:11:05Z"}
{"created_at": "2026-07-11T17:58:27Z", "description": "Public-artifact audit of Octra HFHE Challenge v2", "fork": false, "full_name": "lustrousys/octra-hfhe-v2-public-audit", "pushed_at": "2026-07-11T17:58:42Z", "stars": 0, "updated_at": "2026-07-11T17:58:52Z"}
## query octra secret.ct
total_count 0 incomplete False
## query octra prf_k
total_count 0 incomplete False
## query octra lpn prf
total_count 0 incomplete False
