/Users/koala/hfhe_challenge_v2/twitter_public_search_refresh.py:14: DeprecationWarning: datetime.datetime.utcnow() is deprecated and scheduled for removal in a future version. Use timezone-aware objects to represent datetimes in UTC: datetime.datetime.now(datetime.UTC).
  print('# Public Twitter/X search via DuckDuckGo', datetime.datetime.utcnow().isoformat()+'Z')
# Public Twitter/X search via DuckDuckGo 2026-07-24T13:29:17.164198Z

## query: site:x.com octra HFHE challenge v2
bytes 14232

## query: site:x.com octra hfhe solved
bytes 14208

## query: site:x.com octra hfhe private key
bytes 14230

## query: site:x.com octra hfhe lpn samples
bytes 14218

## query: site:x.com octC5eR9pLGKbpzTbDgHowkFt8HW7LZYb2gzehzxHamxuAZ
bytes 32317
1. open HFHE challenge v2 this wallet holds 500,000 OCT ...
   https://x.com/octra/status/2075336875322032268
   
2. X. See what's happening
   https://x.com/
   
3. x.com
   https://x.com/X.
   
4. Many people were concerned last night after Trey Alexander was taken ...
   https://x.com/SportsVanessa/status/2077073254012068005
   
5. spent time investigating the Octra HFHE v2 bounty from the public ...
   https://x.com/Kubo100x/status/2075388207882256852
   
6. Update on Octra HFHE v2 public audit. Day 6 algebraic track complete ...
   https://x.com/Kubo100x/status/2077300596064100794
   
7. Octra Day 4: reduced-param scan, 0 invariants survive FDR. Algebra toy ...
   https://x.com/Kubo100x/status/2076815889291505832
   
8. I did a full independent audit of the HFHE v2 bounty from the public ...
   https://x.com/eienel_eth/status/2075705444639629727
   

## query: site:x.com 2075336875322032268
bytes 14218

## query: site:x.com octralex HFHE challenge
bytes 14214

## query: site:x.com octrabunch HFHE challenge
bytes 14224

# unique candidate X URLs
https://x.com/octra/status/2075336875322032268
https://x.com/
https://x.com/X.
https://x.com/SportsVanessa/status/2077073254012068005
https://x.com/Kubo100x/status/2075388207882256852
https://x.com/Kubo100x/status/2077300596064100794
https://x.com/Kubo100x/status/2076815889291505832
https://x.com/eienel_eth/status/2075705444639629727
