/Users/koala/hfhe_challenge_v2/twitter_public_search_refresh.py:14: DeprecationWarning: datetime.datetime.utcnow() is deprecated and scheduled for removal in a future version. Use timezone-aware objects to represent datetimes in UTC: datetime.datetime.now(datetime.UTC).
  print('# Public Twitter/X search via DuckDuckGo', datetime.datetime.utcnow().isoformat()+'Z')
# Public Twitter/X search via DuckDuckGo 2026-07-23T23:51:13.362988Z

## query: site:x.com octra HFHE challenge v2
bytes 34122
1. open HFHE challenge v2 this wallet holds 500,000 OCT ...
   https://x.com/octra/status/2075336875322032268
   
2. I've been bullposting and tinkering with Octra for several months now ...
   https://x.com/Hikkimori/status/2075727549301145922
   
3. Update on Octra HFHE v2 public audit. Day 6 algebraic track complete ...
   https://x.com/Kubo100x/status/2077300596064100794
   
4. spent time investigating the Octra HFHE v2 bounty from the public ...
   https://x.com/Kubo100x/status/2075388207882256852
   
5. the challenge to hack octra is back prepare your slop machines
   https://x.com/octrabunch/status/2075346412384952744
   
6. open HFHE challenge this wallet holds 500,000 OCT ...
   https://x.com/octra/status/2074422879131668578
   
7. I did a full independent audit of the HFHE v2 bounty from the public ...
   https://x.com/eienel_eth/status/2075705444639629727
   
8. octra (@octra) / Posts / X
   https://x.com/octra
   

## query: site:x.com octra hfhe solved
bytes 33482
1. octra (@octra) / Posts / X
   https://x.com/octra
   
2. open HFHE challenge this wallet holds 500,000 OCT ...
   https://x.com/octra/status/2074422879131668578
   
3. last year we published a simple explainer on how octra's hypergraph FHE ...
   https://x.com/octra/status/2053142986427351447
   
4. open HFHE challenge v2 this wallet holds 500,000 OCT ...
   https://x.com/octra/status/2075336875322032268
   
5. Update on Octra HFHE v2 public audit. Day 6 algebraic track complete ...
   https://x.com/Kubo100x/status/2077300596064100794
   
6. @octra Resolving the Hidden Subspace Isolate the Systemic Part of $H ...
   https://x.com/akoredex95/status/2075382909997838572
   
7. @octra MY FINDINGS 1/ Audited Octra's HFHE bounty v2 (pvac_hfhe_cpp ...
   https://x.com/akoredex95/status/2075379918800650241
   
8. @0x2937 let me check. Correct Octra HFHE LPN Parameters (from public ...
   https://x.com/Kubo100x/status/2075521685269446801
   

## query: site:x.com octra hfhe private key
bytes 14224

## query: site:x.com octra hfhe lpn samples
bytes 14230

## query: site:x.com octC5eR9pLGKbpzTbDgHowkFt8HW7LZYb2gzehzxHamxuAZ
bytes 14268

## query: site:x.com 2075336875322032268
bytes 14218

## query: site:x.com octralex HFHE challenge
bytes 14220

## query: site:x.com octrabunch HFHE challenge
bytes 14236

# unique candidate X URLs
https://x.com/octra/status/2075336875322032268
https://x.com/Hikkimori/status/2075727549301145922
https://x.com/Kubo100x/status/2077300596064100794
https://x.com/Kubo100x/status/2075388207882256852
https://x.com/octrabunch/status/2075346412384952744
https://x.com/octra/status/2074422879131668578
https://x.com/eienel_eth/status/2075705444639629727
https://x.com/octra
https://x.com/octra/status/2053142986427351447
https://x.com/akoredex95/status/2075382909997838572
https://x.com/akoredex95/status/2075379918800650241
https://x.com/Kubo100x/status/2075521685269446801
