/Users/koala/hfhe_challenge_v2/twitter_public_search_refresh.py:14: DeprecationWarning: datetime.datetime.utcnow() is deprecated and scheduled for removal in a future version. Use timezone-aware objects to represent datetimes in UTC: datetime.datetime.now(datetime.UTC).
  print('# Public Twitter/X search via DuckDuckGo', datetime.datetime.utcnow().isoformat()+'Z')
# Public Twitter/X search via DuckDuckGo 2026-07-23T09:17:30.223617Z

## query: site:x.com octra HFHE challenge v2
bytes 33596
1. open HFHE challenge v2 this wallet holds 500,000 OCT ...
   https://x.com/octra/status/2075336875322032268
   
2. open HFHE challenge this wallet holds 500,000 OCT ...
   https://x.com/octra/status/2074422879131668578
   
3. octra (@octra) / Posts / X
   https://x.com/octra
   
4. To Test its HFHE encryption, @octra is launching a challenge for all ...
   https://x.com/OxCryptoQueen/status/2074424954318176591
   
5. update: we have moved the challenge funds back to the octra labs wallet ...
   https://x.com/octra/status/2074456863874097405
   
6. spent time investigating the Octra HFHE v2 bounty from the public ...
   https://x.com/Kubo100x/status/2075388207882256852
   
7. Update on Octra HFHE v2 public audit. Day 6 algebraic track complete ...
   https://x.com/Kubo100x/status/2077300596064100794
   
8. the challenge to hack octra is back prepare your slop machines
   https://x.com/octrabunch/status/2075346412384952744
   

## query: site:x.com octra hfhe solved
bytes 33740
1. octra (@octra) / Posts / X
   https://x.com/octra
   
2. open HFHE challenge v2 this wallet holds 500,000 OCT ...
   https://x.com/octra/status/2075336875322032268
   
3. open HFHE challenge this wallet holds 500,000 OCT ...
   https://x.com/octra/status/2074422879131668578
   
4. Update on Octra HFHE v2 public audit. Day 6 algebraic track complete ...
   https://x.com/Kubo100x/status/2077300596064100794
   
5. @octra MY FINDINGS 1/ Audited Octra's HFHE bounty v2 (pvac_hfhe_cpp ...
   https://x.com/akoredex95/status/2075379918800650241
   
6. @octra Resolving the Hidden Subspace Isolate the Systemic Part of $H ...
   https://x.com/akoredex95/status/2075382909997838572
   
7. last year we published a simple explainer on how octra's hypergraph FHE ...
   https://x.com/octra/status/2053142986427351447
   
8. now that hfhe works onchain, everything from our 2022 intro post is ...
   https://x.com/octra/status/2025613179225551075
   

## query: site:x.com octra hfhe private key
bytes 14222

## query: site:x.com octra hfhe lpn samples
bytes 14218

## query: site:x.com octC5eR9pLGKbpzTbDgHowkFt8HW7LZYb2gzehzxHamxuAZ
bytes 14262

## query: site:x.com 2075336875322032268
bytes 14217

## query: site:x.com octralex HFHE challenge
bytes 32458
1. The challenge is now easier, but also fairer according even to initial ...
   https://x.com/octralex/status/2075870093708235148
   
2. We have received over 500 "reports" that the scheme is not secure, most ...
   https://x.com/octralex/status/2074423534462362042
   
3. @octralex Respecting the "move the funds or it doesn't count" standard ...
   https://x.com/kaiden79/status/2075543111984628115
   
4. I did a full independent audit of the HFHE v2 bounty from the public ...
   https://x.com/eienel_eth/status/2075705444639629727
   
5. @octralex The cryprography used in this challenge v2 is so hard that it ...
   https://x.com/akoredex95/status/2075486512108454245
   
6. octra (@octra) / Posts / X
   https://x.com/octra
   
7. open HFHE challenge this wallet holds 500,000 OCT ...
   https://x.com/octra/status/2074422879131668578
   
8. open HFHE challenge v2 this wallet holds 500,000 OCT ...
   https://x.com/octra/status/2075336875322032268
   

## query: site:x.com octrabunch HFHE challenge
bytes 14224

# unique candidate X URLs
https://x.com/octra/status/2075336875322032268
https://x.com/octra/status/2074422879131668578
https://x.com/octra
https://x.com/OxCryptoQueen/status/2074424954318176591
https://x.com/octra/status/2074456863874097405
https://x.com/Kubo100x/status/2075388207882256852
https://x.com/Kubo100x/status/2077300596064100794
https://x.com/octrabunch/status/2075346412384952744
https://x.com/akoredex95/status/2075379918800650241
https://x.com/akoredex95/status/2075382909997838572
https://x.com/octra/status/2053142986427351447
https://x.com/octra/status/2025613179225551075
https://x.com/octralex/status/2075870093708235148
https://x.com/octralex/status/2074423534462362042
https://x.com/kaiden79/status/2075543111984628115
https://x.com/eienel_eth/status/2075705444639629727
https://x.com/akoredex95/status/2075486512108454245
