/Users/koala/hfhe_challenge_v2/twitter_public_search_refresh.py:14: DeprecationWarning: datetime.datetime.utcnow() is deprecated and scheduled for removal in a future version. Use timezone-aware objects to represent datetimes in UTC: datetime.datetime.now(datetime.UTC).
  print('# Public Twitter/X search via DuckDuckGo', datetime.datetime.utcnow().isoformat()+'Z')
# Public Twitter/X search via DuckDuckGo 2026-07-22T00:40:06.441206Z

## query: site:x.com octra HFHE challenge v2
bytes 34012
1. open HFHE challenge v2 this wallet holds 500,000 OCT ...
   https://x.com/octra/status/2075336875322032268
   
2. I've been bullposting and tinkering with Octra for several months now ...
   https://x.com/Hikkimori/status/2075727549301145922
   
3. Update on Octra HFHE v2 public audit. Day 6 algebraic track complete ...
   https://x.com/Kubo100x/status/2077300596064100794
   
4. spent time investigating the Octra HFHE v2 bounty from the public ...
   https://x.com/Kubo100x/status/2075388207882256852
   
5. I did a full independent audit of the HFHE v2 bounty from the public ...
   https://x.com/eienel_eth/status/2075705444639629727
   
6. octra (@octra) / Posts / X
   https://x.com/octra
   
7. the challenge to hack octra is back prepare your slop machines
   https://x.com/octrabunch/status/2075346412384952744
   
8. open HFHE challenge this wallet holds 500,000 OCT ...
   https://x.com/octra/status/2074422879131668578
   

## query: site:x.com octra hfhe solved
bytes 33724
1. last year we published a simple explainer on how octra's hypergraph FHE ...
   https://x.com/octra/status/2053142986427351447
   
2. open HFHE challenge v2 this wallet holds 500,000 OCT ...
   https://x.com/octra/status/2075336875322032268
   
3. open HFHE challenge this wallet holds 500,000 OCT ...
   https://x.com/octra/status/2074422879131668578
   
4. Update on Octra HFHE v2 public audit. Day 6 algebraic track complete ...
   https://x.com/Kubo100x/status/2077300596064100794
   
5. octra (@octra) / Posts / X
   https://x.com/octra
   
6. I've been bullposting and tinkering with Octra for several months now ...
   https://x.com/Hikkimori/status/2075727549301145922
   
7. octra (@octra) on X
   https://x.com/octra/status/1948346601707036950
   
8. broke Octra's HFHE 500k challenge using only the public files their ...
   https://x.com/iamknownasfesal/status/2074450723929051380
   

## query: site:x.com octra hfhe private key
bytes 14212

## query: site:x.com octra hfhe lpn samples
bytes 14224

## query: site:x.com octC5eR9pLGKbpzTbDgHowkFt8HW7LZYb2gzehzxHamxuAZ
bytes 14280

## query: site:x.com 2075336875322032268
bytes 14217

## query: site:x.com octralex HFHE challenge
bytes 14214

## query: site:x.com octrabunch HFHE challenge
bytes 14218

# unique candidate X URLs
https://x.com/octra/status/2075336875322032268
https://x.com/Hikkimori/status/2075727549301145922
https://x.com/Kubo100x/status/2077300596064100794
https://x.com/Kubo100x/status/2075388207882256852
https://x.com/eienel_eth/status/2075705444639629727
https://x.com/octra
https://x.com/octrabunch/status/2075346412384952744
https://x.com/octra/status/2074422879131668578
https://x.com/octra/status/2053142986427351447
https://x.com/octra/status/1948346601707036950
https://x.com/iamknownasfesal/status/2074450723929051380
