/Users/koala/hfhe_challenge_v2/twitter_public_search_refresh.py:14: DeprecationWarning: datetime.datetime.utcnow() is deprecated and scheduled for removal in a future version. Use timezone-aware objects to represent datetimes in UTC: datetime.datetime.now(datetime.UTC).
  print('# Public Twitter/X search via DuckDuckGo', datetime.datetime.utcnow().isoformat()+'Z')
# Public Twitter/X search via DuckDuckGo 2026-07-24T14:23:13.329302Z

## query: site:x.com octra HFHE challenge v2
bytes 14220

## query: site:x.com octra hfhe solved
bytes 14202

## query: site:x.com octra hfhe private key
bytes 14212

## query: site:x.com octra hfhe lpn samples
bytes 33827
1. The challenge is now easier, but also fairer according even to initial ...
   https://x.com/octralex/status/2075870093708235148
   
2. challenge 2 update now there are lpn samples from sk.bin here ...
   https://x.com/lambda0xE/status/2075787279197508060
   
3. Update on Octra HFHE v2 public audit. Day 6 algebraic track complete ...
   https://x.com/Kubo100x/status/2077300596064100794
   
4. @0x2937 let me check. Correct Octra HFHE LPN Parameters (from public ...
   https://x.com/Kubo100x/status/2075521685269446801
   
5. octra (@octra) / Posts / X
   https://x.com/octra
   
6. open HFHE challenge this wallet holds 500,000 OCT ...
   https://x.com/octra/status/2074422879131668578
   
7. hi, an example of a private (FHE) ml contract on octra network ...
   https://x.com/lambda0xE/status/2028247516509250017
   
8. LPN Hardness over Hypergraph State and Epoch-Rotated Key Material ...
   https://x.com/octra/status/2058788955173118316
   

## query: site:x.com octC5eR9pLGKbpzTbDgHowkFt8HW7LZYb2gzehzxHamxuAZ
bytes 14280

## query: site:x.com 2075336875322032268
bytes 32462
1. open HFHE challenge v2 this wallet holds 500,000 OCT ...
   https://x.com/octra/status/2075336875322032268
   
2. X. See what's happening
   https://x.com/
   
3. x.com
   https://x.com/X.
   
4. BREAKING: President Trump Just Went Inside the Situation Room Trump has ...
   https://x.com/bennyjohnson/status/2077577672813638043
   
5. Frank Vogel is poised to join Steve Kerr's coaching staff in Golden ...
   https://x.com/thesteinline/status/2076443428918050960
   
6. @KickSnips She probably sees him as a big brother. Not everything has ...
   https://x.com/apanther001/status/2079224068583428600
   
7. I am shocked by the scenes at the White House Correspondents' Dinner in ...
   https://x.com/keir_starmer/status/2048309288439853567
   
8. And a special thank you to @BannedMacMahon, @WindhorstESPN and Jackson ...
   https://x.com/TimBontemps/status/2074849551924789615
   

## query: site:x.com octralex HFHE challenge
bytes 14220

## query: site:x.com octrabunch HFHE challenge
bytes 14224

# unique candidate X URLs
https://x.com/octralex/status/2075870093708235148
https://x.com/lambda0xE/status/2075787279197508060
https://x.com/Kubo100x/status/2077300596064100794
https://x.com/Kubo100x/status/2075521685269446801
https://x.com/octra
https://x.com/octra/status/2074422879131668578
https://x.com/lambda0xE/status/2028247516509250017
https://x.com/octra/status/2058788955173118316
https://x.com/octra/status/2075336875322032268
https://x.com/
https://x.com/X.
https://x.com/bennyjohnson/status/2077577672813638043
https://x.com/thesteinline/status/2076443428918050960
https://x.com/apanther001/status/2079224068583428600
https://x.com/keir_starmer/status/2048309288439853567
https://x.com/TimBontemps/status/2074849551924789615
