/Users/koala/hfhe_challenge_v2/twitter_public_search_refresh.py:14: DeprecationWarning: datetime.datetime.utcnow() is deprecated and scheduled for removal in a future version. Use timezone-aware objects to represent datetimes in UTC: datetime.datetime.now(datetime.UTC).
  print('# Public Twitter/X search via DuckDuckGo', datetime.datetime.utcnow().isoformat()+'Z')
# Public Twitter/X search via DuckDuckGo 2026-07-24T10:53:46.812050Z

## query: site:x.com octra HFHE challenge v2
bytes 14225

## query: site:x.com octra hfhe solved
bytes 14213

## query: site:x.com octra hfhe private key
bytes 14212

## query: site:x.com octra hfhe lpn samples
bytes 14212

## query: site:x.com octC5eR9pLGKbpzTbDgHowkFt8HW7LZYb2gzehzxHamxuAZ
bytes 14268

## query: site:x.com 2075336875322032268
bytes 14205

## query: site:x.com octralex HFHE challenge
bytes 14212

## query: site:x.com octrabunch HFHE challenge
bytes 32045
1. the challenge to hack octra is back prepare your slop machines
   https://x.com/octrabunch/status/2075346412384952744
   
2. challenge: hack octra for 1 million OCT no slop is allowed
   https://x.com/octrabunch/status/2074425702716187086
   
3. open HFHE challenge this wallet holds 500,000 OCT ...
   https://x.com/octra/status/2074422879131668578
   
4. To Test its HFHE encryption, @octra is launching a challenge for all ...
   https://x.com/OxCryptoQueen/status/2074424954318176591
   
5. open HFHE challenge v2 this wallet holds 500,000 OCT ...
   https://x.com/octra/status/2075336875322032268
   
6. bunch (@octrabunch) / Posts / X
   https://x.com/octrabunch
   
7. octra (@octra) / Posts / X
   https://x.com/octra
   
8. "#HFHE" - Results on X | Live Posts & Updates
   https://x.com/hashtag/HFHE
   

# unique candidate X URLs
https://x.com/octrabunch/status/2075346412384952744
https://x.com/octrabunch/status/2074425702716187086
https://x.com/octra/status/2074422879131668578
https://x.com/OxCryptoQueen/status/2074424954318176591
https://x.com/octra/status/2075336875322032268
https://x.com/octrabunch
https://x.com/octra
https://x.com/hashtag/HFHE
