/Users/koala/hfhe_challenge_v2/twitter_public_search_refresh.py:14: DeprecationWarning: datetime.datetime.utcnow() is deprecated and scheduled for removal in a future version. Use timezone-aware objects to represent datetimes in UTC: datetime.datetime.now(datetime.UTC).
  print('# Public Twitter/X search via DuckDuckGo', datetime.datetime.utcnow().isoformat()+'Z')
# Public Twitter/X search via DuckDuckGo 2026-07-22T07:11:49.345398Z

## query: site:x.com octra HFHE challenge v2
bytes 14238

## query: site:x.com octra hfhe solved
bytes 14202

## query: site:x.com octra hfhe private key
bytes 14218

## query: site:x.com octra hfhe lpn samples
bytes 14235

## query: site:x.com octC5eR9pLGKbpzTbDgHowkFt8HW7LZYb2gzehzxHamxuAZ
bytes 14262

## query: site:x.com 2075336875322032268
bytes 32649
1. open HFHE challenge v2 this wallet holds 500,000 OCT ...
   https://x.com/octra/status/2075336875322032268
   
2. Twitter. It's what's happening / Twitter
   https://x.com/search-advanced
   
3. X. See what's happening
   https://x.com/
   
4. Powell needs to go!! A former senior adviser to the Federal Reserve ...
   https://x.com/DrJStrategy/status/2077731662201233822
   
5. @Madlandx15 @Hobbstyle53 Yes I've been indoors a lot today except when ...
   https://x.com/JeannaSzymanski/status/2078630589582688563
   
6. Frank Vogel is poised to join Steve Kerr's coaching staff in Golden ...
   https://x.com/thesteinline/status/2076443428918050960
   
7. @Igottafigh64510 That sick shit he definitely assaulted some women ...
   https://x.com/zebrinaholmes/status/2078591897543885174
   
8. I am shocked by the scenes at the White House Correspondents' Dinner in ...
   https://x.com/keir_starmer/status/2048309288439853567
   

## query: site:x.com octralex HFHE challenge
bytes 14226

## query: site:x.com octrabunch HFHE challenge
bytes 14218

# unique candidate X URLs
https://x.com/octra/status/2075336875322032268
https://x.com/search-advanced
https://x.com/
https://x.com/DrJStrategy/status/2077731662201233822
https://x.com/JeannaSzymanski/status/2078630589582688563
https://x.com/thesteinline/status/2076443428918050960
https://x.com/zebrinaholmes/status/2078591897543885174
https://x.com/keir_starmer/status/2048309288439853567
