/Users/koala/hfhe_challenge_v2/twitter_public_search_refresh.py:14: DeprecationWarning: datetime.datetime.utcnow() is deprecated and scheduled for removal in a future version. Use timezone-aware objects to represent datetimes in UTC: datetime.datetime.now(datetime.UTC).
  print('# Public Twitter/X search via DuckDuckGo', datetime.datetime.utcnow().isoformat()+'Z')
# Public Twitter/X search via DuckDuckGo 2026-07-24T08:56:32.862954Z

## query: site:x.com octra HFHE challenge v2
bytes 14226

## query: site:x.com octra hfhe solved
bytes 33693
1. octra (@octra) / Posts / X
   https://x.com/octra
   
2. open HFHE challenge this wallet holds 500,000 OCT ...
   https://x.com/octra/status/2074422879131668578
   
3. open HFHE challenge v2 this wallet holds 500,000 OCT ...
   https://x.com/octra/status/2075336875322032268
   
4. Update on Octra HFHE v2 public audit. Day 6 algebraic track complete ...
   https://x.com/Kubo100x/status/2077300596064100794
   
5. last year we published a simple explainer on how octra's hypergraph FHE ...
   https://x.com/octra/status/2053142986427351447
   
6. @octra MY FINDINGS 1/ Audited Octra's HFHE bounty v2 (pvac_hfhe_cpp ...
   https://x.com/akoredex95/status/2075379918800650241
   
7. @octra Resolving the Hidden Subspace Isolate the Systemic Part of $H ...
   https://x.com/akoredex95/status/2075382909997838572
   
8. now that hfhe works onchain, everything from our 2022 intro post is ...
   https://x.com/octra/status/2025613179225551075
   

## query: site:x.com octra hfhe private key
bytes 14212

## query: site:x.com octra hfhe lpn samples
bytes 14224

## query: site:x.com octC5eR9pLGKbpzTbDgHowkFt8HW7LZYb2gzehzxHamxuAZ
bytes 14274

## query: site:x.com 2075336875322032268
bytes 14218

## query: site:x.com octralex HFHE challenge
bytes 14214

## query: site:x.com octrabunch HFHE challenge
bytes 14218

# unique candidate X URLs
https://x.com/octra
https://x.com/octra/status/2074422879131668578
https://x.com/octra/status/2075336875322032268
https://x.com/Kubo100x/status/2077300596064100794
https://x.com/octra/status/2053142986427351447
https://x.com/akoredex95/status/2075379918800650241
https://x.com/akoredex95/status/2075382909997838572
https://x.com/octra/status/2025613179225551075
