{
  "checked_utc": "2026-07-22T07:13:03Z",
  "new_url_count": 5,
  "results": [
    {
      "url": "https://x.com/DrJStrategy/status/2077731662201233822",
      "handle": "DrJStrategy",
      "status_id": "2077731662201233822",
      "actionable_marker_found": false,
      "searches": [
        {
          "query": "\"https://x.com/DrJStrategy/status/2077731662201233822\" octra hfhe",
          "bytes": 14352,
          "markers": [
            "challenge"
          ],
          "snippet": " --> DuckDuckGo DuckDuckGo Unfortunately, bots use DuckDuckGo too. Please complete the following challenge to confirm this search was made by a human. Select all squares containing a duck: Submit Images not loading? Please email the following code to: error-lite@duckduckgo.com Code: d4cd0dabcf4caa22ad92fab40844c786 here . //--> "
        },
        {
          "query": "\"2077731662201233822\" \"Octra\" \"HFHE\"",
          "bytes": 14341,
          "markers": [
            "challenge"
          ],
          "snippet": " --> DuckDuckGo DuckDuckGo Unfortunately, bots use DuckDuckGo too. Please complete the following challenge to confirm this search was made by a human. Select all squares containing a duck: Submit Images not loading? Please email the following code to: error-lite@duckduckgo.com Code: d4cd0dabcf4caa22ad92fab40844c786 here . //--> "
        },
        {
          "query": "\"DrJStrategy\" \"Octra\" \"HFHE\"",
          "bytes": 14307,
          "markers": [
            "challenge"
          ],
          "snippet": " --> DuckDuckGo DuckDuckGo Unfortunately, bots use DuckDuckGo too. Please complete the following challenge to confirm this search was made by a human. Select all squares containing a duck: Submit Images not loading? Please email the following code to: error-lite@duckduckgo.com Code: d4cd0dabcf4caa22ad92fab40844c786 here . //--> "
        }
      ]
    },
    {
      "url": "https://x.com/JeannaSzymanski/status/2078630589582688563",
      "handle": "JeannaSzymanski",
      "status_id": "2078630589582688563",
      "actionable_marker_found": false,
      "searches": [
        {
          "query": "\"https://x.com/JeannaSzymanski/status/2078630589582688563\" octra hfhe",
          "bytes": 14373,
          "markers": [
            "challenge"
          ],
          "snippet": " --> DuckDuckGo DuckDuckGo Unfortunately, bots use DuckDuckGo too. Please complete the following challenge to confirm this search was made by a human. Select all squares containing a duck: Submit Images not loading? Please email the following code to: error-lite@duckduckgo.com Code: d4cd0dabcf4caa22ad92fab40844c786 here . //--> "
        },
        {
          "query": "\"2078630589582688563\" \"Octra\" \"HFHE\"",
          "bytes": 14341,
          "markers": [
            "challenge"
          ],
          "snippet": " --> DuckDuckGo DuckDuckGo Unfortunately, bots use DuckDuckGo too. Please complete the following challenge to confirm this search was made by a human. Select all squares containing a duck: Submit Images not loading? Please email the following code to: error-lite@duckduckgo.com Code: d4cd0dabcf4caa22ad92fab40844c786 here . //--> "
        },
        {
          "query": "\"JeannaSzymanski\" \"Octra\" \"HFHE\"",
          "bytes": 14321,
          "markers": [
            "challenge"
          ],
          "snippet": " --> DuckDuckGo DuckDuckGo Unfortunately, bots use DuckDuckGo too. Please complete the following challenge to confirm this search was made by a human. Select all squares containing a duck: Submit Images not loading? Please email the following code to: error-lite@duckduckgo.com Code: d4cd0dabcf4caa22ad92fab40844c786 here . //--> "
        }
      ]
    },
    {
      "url": "https://x.com/thesteinline/status/2076443428918050960",
      "handle": "thesteinline",
      "status_id": "2076443428918050960",
      "actionable_marker_found": false,
      "searches": [
        {
          "query": "\"https://x.com/thesteinline/status/2076443428918050960\" octra hfhe",
          "bytes": 14361,
          "markers": [
            "challenge"
          ],
          "snippet": " --> DuckDuckGo DuckDuckGo Unfortunately, bots use DuckDuckGo too. Please complete the following challenge to confirm this search was made by a human. Select all squares containing a duck: Submit Images not loading? Please email the following code to: error-lite@duckduckgo.com Code: d4cd0dabcf4caa22ad92fab40844c786 here . //--> "
        },
        {
          "query": "\"2076443428918050960\" \"Octra\" \"HFHE\"",
          "bytes": 14329,
          "markers": [
            "challenge"
          ],
          "snippet": " --> DuckDuckGo DuckDuckGo Unfortunately, bots use DuckDuckGo too. Please complete the following challenge to confirm this search was made by a human. Select all squares containing a duck: Submit Images not loading? Please email the following code to: error-lite@duckduckgo.com Code: d4cd0dabcf4caa22ad92fab40844c786 here . //--> "
        },
        {
          "query": "\"thesteinline\" \"Octra\" \"HFHE\"",
          "bytes": 14321,
          "markers": [
            "challenge"
          ],
          "snippet": " --> DuckDuckGo DuckDuckGo Unfortunately, bots use DuckDuckGo too. Please complete the following challenge to confirm this search was made by a human. Select all squares containing a duck: Submit Images not loading? Please email the following code to: error-lite@duckduckgo.com Code: d4cd0dabcf4caa22ad92fab40844c786 here . //--> "
        }
      ]
    },
    {
      "url": "https://x.com/zebrinaholmes/status/2078591897543885174",
      "handle": "zebrinaholmes",
      "status_id": "2078591897543885174",
      "actionable_marker_found": false,
      "searches": [
        {
          "query": "\"https://x.com/zebrinaholmes/status/2078591897543885174\" octra hfhe",
          "bytes": 14351,
          "markers": [
            "challenge"
          ],
          "snippet": " --> DuckDuckGo DuckDuckGo Unfortunately, bots use DuckDuckGo too. Please complete the following challenge to confirm this search was made by a human. Select all squares containing a duck: Submit Images not loading? Please email the following code to: error-lite@duckduckgo.com Code: d4cd0dabcf4caa22ad92fab40844c786 here . //--> "
        },
        {
          "query": "\"2078591897543885174\" \"Octra\" \"HFHE\"",
          "bytes": 14341,
          "markers": [
            "challenge"
          ],
          "snippet": " --> DuckDuckGo DuckDuckGo Unfortunately, bots use DuckDuckGo too. Please complete the following challenge to confirm this search was made by a human. Select all squares containing a duck: Submit Images not loading? Please email the following code to: error-lite@duckduckgo.com Code: d4cd0dabcf4caa22ad92fab40844c786 here . //--> "
        },
        {
          "query": "\"zebrinaholmes\" \"Octra\" \"HFHE\"",
          "bytes": 14329,
          "markers": [
            "challenge"
          ],
          "snippet": " --> DuckDuckGo DuckDuckGo Unfortunately, bots use DuckDuckGo too. Please complete the following challenge to confirm this search was made by a human. Select all squares containing a duck: Submit Images not loading? Please email the following code to: error-lite@duckduckgo.com Code: d4cd0dabcf4caa22ad92fab40844c786 here . //--> "
        }
      ]
    },
    {
      "url": "https://x.com/keir_starmer/status/2048309288439853567",
      "handle": "keir_starmer",
      "status_id": "2048309288439853567",
      "actionable_marker_found": false,
      "searches": [
        {
          "query": "\"https://x.com/keir_starmer/status/2048309288439853567\" octra hfhe",
          "bytes": 14373,
          "markers": [
            "challenge"
          ],
          "snippet": " --> DuckDuckGo DuckDuckGo Unfortunately, bots use DuckDuckGo too. Please complete the following challenge to confirm this search was made by a human. Select all squares containing a duck: Submit Images not loading? Please email the following code to: error-lite@duckduckgo.com Code: d4cd0dabcf4caa22ad92fab40844c786 here . //--> "
        },
        {
          "query": "\"2048309288439853567\" \"Octra\" \"HFHE\"",
          "bytes": 14335,
          "markers": [
            "challenge"
          ],
          "snippet": " --> DuckDuckGo DuckDuckGo Unfortunately, bots use DuckDuckGo too. Please complete the following challenge to confirm this search was made by a human. Select all squares containing a duck: Submit Images not loading? Please email the following code to: error-lite@duckduckgo.com Code: d4cd0dabcf4caa22ad92fab40844c786 here . //--> "
        },
        {
          "query": "\"keir_starmer\" \"Octra\" \"HFHE\"",
          "bytes": 14315,
          "markers": [
            "challenge"
          ],
          "snippet": " --> DuckDuckGo DuckDuckGo Unfortunately, bots use DuckDuckGo too. Please complete the following challenge to confirm this search was made by a human. Select all squares containing a duck: Submit Images not loading? Please email the following code to: error-lite@duckduckgo.com Code: d4cd0dabcf4caa22ad92fab40844c786 here . //--> "
        }
      ]
    }
  ]
}
