{
  "total_urls": 11,
  "new_urls": [],
  "triage": [
    {
      "url": "https://x.com/octra/status/2075336875322032268",
      "new_this_cycle": false,
      "triage": "official challenge/bounty announcement; already archived"
    },
    {
      "url": "https://x.com/octra/status/2074422879131668578",
      "new_this_cycle": false,
      "triage": "official HFHE/v2 announcement; already archived"
    },
    {
      "url": "https://x.com/octra",
      "new_this_cycle": false,
      "triage": "resurfaced/known candidate; no direct secret marker in URL list"
    },
    {
      "url": "https://x.com/OxCryptoQueen/status/2074424954318176591",
      "new_this_cycle": false,
      "triage": "known generic repost/context; no target secret"
    },
    {
      "url": "https://x.com/octra/status/2074456863874097405",
      "new_this_cycle": false,
      "triage": "official generic/update post; no target secret in prior archive"
    },
    {
      "url": "https://x.com/Kubo100x/status/2075388207882256852",
      "new_this_cycle": false,
      "triage": "known commentary/negative audit; no target secret"
    },
    {
      "url": "https://x.com/Kubo100x/status/2077300596064100794",
      "new_this_cycle": false,
      "triage": "known commentary/negative audit; no target secret"
    },
    {
      "url": "https://x.com/octrabunch/status/2075346412384952744",
      "new_this_cycle": false,
      "triage": "known commentary; no target secret"
    },
    {
      "url": "https://x.com/TheMaran/status/2075586595869368507",
      "new_this_cycle": false,
      "triage": "resurfaced/known candidate; no direct secret marker in URL list"
    },
    {
      "url": "https://x.com/PempareWeb3/status/1999473031853596946",
      "new_this_cycle": false,
      "triage": "resurfaced/known candidate; no direct secret marker in URL list"
    },
    {
      "url": "https://x.com/lambda0xE/status/2028247516509250017",
      "new_this_cycle": false,
      "triage": "resurfaced/known candidate; no direct secret marker in URL list"
    }
  ]
}
