{
  "total_urls": 20,
  "new_urls": [],
  "triage": [
    {
      "url": "https://x.com/octra/status/2075336875322032268",
      "new_this_cycle": false,
      "triage": "official challenge/bounty announcement; already archived"
    },
    {
      "url": "https://x.com/octra/status/2074422879131668578",
      "new_this_cycle": false,
      "triage": "official HFHE/v2 announcement; already archived"
    },
    {
      "url": "https://x.com/octra",
      "new_this_cycle": false,
      "triage": "resurfaced/known candidate; no direct secret marker in URL list"
    },
    {
      "url": "https://x.com/OxCryptoQueen/status/2074424954318176591",
      "new_this_cycle": false,
      "triage": "known generic repost/context; no target secret"
    },
    {
      "url": "https://x.com/octra/status/2074456863874097405",
      "new_this_cycle": false,
      "triage": "official generic/update post; no target secret in prior archive"
    },
    {
      "url": "https://x.com/Kubo100x/status/2075388207882256852",
      "new_this_cycle": false,
      "triage": "known commentary/negative audit; no target secret"
    },
    {
      "url": "https://x.com/Kubo100x/status/2077300596064100794",
      "new_this_cycle": false,
      "triage": "known commentary/negative audit; no target secret"
    },
    {
      "url": "https://x.com/octrabunch/status/2075346412384952744",
      "new_this_cycle": false,
      "triage": "known commentary; no target secret"
    },
    {
      "url": "https://x.com/akoredex95/status/2075379918800650241",
      "new_this_cycle": false,
      "triage": "known commentary/negative audit; no target secret"
    },
    {
      "url": "https://x.com/akoredex95/status/2075382909997838572",
      "new_this_cycle": false,
      "triage": "known commentary/negative audit; no target secret"
    },
    {
      "url": "https://x.com/octra/status/2053142986427351447",
      "new_this_cycle": false,
      "triage": "resurfaced/known candidate; no direct secret marker in URL list"
    },
    {
      "url": "https://x.com/TheMaran/status/2075586595869368507",
      "new_this_cycle": false,
      "triage": "resurfaced/known candidate; no direct secret marker in URL list"
    },
    {
      "url": "https://x.com/PempareWeb3/status/1999473031853596946",
      "new_this_cycle": false,
      "triage": "resurfaced/known candidate; no direct secret marker in URL list"
    },
    {
      "url": "https://x.com/octraintern/status/2028011689598472331",
      "new_this_cycle": false,
      "triage": "resurfaced/known candidate; no direct secret marker in URL list"
    },
    {
      "url": "https://x.com/",
      "new_this_cycle": false,
      "triage": "resurfaced/known candidate; no direct secret marker in URL list"
    },
    {
      "url": "https://x.com/search-advanced",
      "new_this_cycle": false,
      "triage": "resurfaced/known candidate; no direct secret marker in URL list"
    },
    {
      "url": "https://x.com/eienel_eth/status/2075705444639629727",
      "new_this_cycle": false,
      "triage": "known PR/commentary; no target secret"
    },
    {
      "url": "https://x.com/Kubo100x/status/2076815889291505832",
      "new_this_cycle": false,
      "triage": "known commentary/negative audit; no target secret"
    },
    {
      "url": "https://x.com/honeydelicacy9/status/2076033326486348212",
      "new_this_cycle": false,
      "triage": "resurfaced/known candidate; no direct secret marker in URL list"
    },
    {
      "url": "https://x.com/Kubo100x/status/2076482459785625853",
      "new_this_cycle": false,
      "triage": "known commentary/negative audit; no target secret"
    }
  ]
}
